\BOOKMARK [0][-]{chapter.1}{1 Introduction}{}% 1
\BOOKMARK [1][-]{section.1.1}{1.1 Overview}{chapter.1}% 2
\BOOKMARK [1][-]{section.1.2}{1.2 Purpose and recipients of the document}{chapter.1}% 3
\BOOKMARK [1][-]{section.1.3}{1.3 Application Domain}{chapter.1}% 4
\BOOKMARK [1][-]{section.1.4}{1.4 Definitions, acronyms and abbreviations}{chapter.1}% 5
\BOOKMARK [1][-]{section.1.5}{1.5 Document structure}{chapter.1}% 6
\BOOKMARK [0][-]{chapter.2}{2 General Description}{}% 7
\BOOKMARK [1][-]{section.2.1}{2.1 Domain Stakeholders}{chapter.2}% 8
\BOOKMARK [2][-]{subsection.2.1.1}{2.1.1 Communication Company}{section.2.1}% 9
\BOOKMARK [2][-]{subsection.2.1.2}{2.1.2 Humans}{section.2.1}% 10
\BOOKMARK [2][-]{subsection.2.1.3}{2.1.3 Coordinators}{section.2.1}% 11
\BOOKMARK [2][-]{subsection.2.1.4}{2.1.4 Administrator}{section.2.1}% 12
\BOOKMARK [2][-]{subsection.2.1.5}{2.1.5 Creator}{section.2.1}% 13
\BOOKMARK [2][-]{subsection.2.1.6}{2.1.6 Activator}{section.2.1}% 14
\BOOKMARK [1][-]{section.2.2}{2.2 System's Actors}{chapter.2}% 15
\BOOKMARK [1][-]{section.2.3}{2.3 Use Cases Model}{chapter.2}% 16
\BOOKMARK [2][-]{subsection.2.3.1}{2.3.1 Use Cases}{section.2.3}% 17
\BOOKMARK [2][-]{subsection.2.3.2}{2.3.2 Use Case Instance\(s\)}{section.2.3}% 18
\BOOKMARK [0][-]{chapter.3}{3 Environment Model}{}% 19
\BOOKMARK [1][-]{section.3.1}{3.1 Local view 01}{chapter.3}% 20
\BOOKMARK [1][-]{section.3.2}{3.2 Local view 02}{chapter.3}% 21
\BOOKMARK [1][-]{section.3.3}{3.3 Local view 03}{chapter.3}% 22
\BOOKMARK [1][-]{section.3.4}{3.4 Local view 04}{chapter.3}% 23
\BOOKMARK [1][-]{section.3.5}{3.5 Local view 05}{chapter.3}% 24
\BOOKMARK [1][-]{section.3.6}{3.6 Global view 01}{chapter.3}% 25
\BOOKMARK [1][-]{section.3.7}{3.7 Actors and Interfaces Descriptions}{chapter.3}% 26
\BOOKMARK [2][-]{subsection.3.7.1}{3.7.1 \040=` actActivator Actor}{section.3.7}% 27
\BOOKMARK [2][-]{subsection.3.7.2}{3.7.2 \040=` actAdministrator Actor}{section.3.7}% 28
\BOOKMARK [2][-]{subsection.3.7.3}{3.7.3 \040=` actAuthenticated Actor}{section.3.7}% 29
\BOOKMARK [2][-]{subsection.3.7.4}{3.7.4 \040=` actComCompany Actor}{section.3.7}% 30
\BOOKMARK [2][-]{subsection.3.7.5}{3.7.5 \040=` actCoordinator Actor}{section.3.7}% 31
\BOOKMARK [2][-]{subsection.3.7.6}{3.7.6 \040=` actMsrCreator Actor}{section.3.7}% 32
\BOOKMARK [0][-]{chapter.4}{4 Concept Model}{}% 33
\BOOKMARK [1][-]{section.4.1}{4.1 PrimaryTypes-Classes}{chapter.4}% 34
\BOOKMARK [2][-]{subsection.4.1.1}{4.1.1 Local view 01}{section.4.1}% 35
\BOOKMARK [2][-]{subsection.4.1.2}{4.1.2 Local view 02}{section.4.1}% 36
\BOOKMARK [2][-]{subsection.4.1.3}{4.1.3 Local view 03}{section.4.1}% 37
\BOOKMARK [2][-]{subsection.4.1.4}{4.1.4 Local view 04}{section.4.1}% 38
\BOOKMARK [2][-]{subsection.4.1.5}{4.1.5 Global view 01}{section.4.1}% 39
\BOOKMARK [1][-]{section.4.2}{4.2 PrimaryTypes-Datatypes}{chapter.4}% 40
\BOOKMARK [2][-]{subsection.4.2.1}{4.2.1 Local view 06}{section.4.2}% 41
\BOOKMARK [2][-]{subsection.4.2.2}{4.2.2 Global view 01}{section.4.2}% 42
\BOOKMARK [1][-]{section.4.3}{4.3 SecondaryTypes-Datatypes}{chapter.4}% 43
\BOOKMARK [2][-]{subsection.4.3.1}{4.3.1 Local view 01}{section.4.3}% 44
\BOOKMARK [1][-]{section.4.4}{4.4 Concept Model Types Descriptions}{chapter.4}% 45
\BOOKMARK [2][-]{subsection.4.4.1}{4.4.1 Primary types - Class types descriptions}{section.4.4}% 46
\BOOKMARK [2][-]{subsection.4.4.2}{4.4.2 Primary types - Datatypes types descriptions}{section.4.4}% 47
\BOOKMARK [2][-]{subsection.4.4.3}{4.4.3 Primary types - Association types descriptions}{section.4.4}% 48
\BOOKMARK [2][-]{subsection.4.4.4}{4.4.4 Primary types - Aggregation types descriptions}{section.4.4}% 49
\BOOKMARK [2][-]{subsection.4.4.5}{4.4.5 Secondary types - Class types descriptions}{section.4.4}% 50
\BOOKMARK [2][-]{subsection.4.4.6}{4.4.6 Secondary types - Datatypes types descriptions}{section.4.4}% 51
\BOOKMARK [2][-]{subsection.4.4.7}{4.4.7 Secondary types - Association types descriptions}{section.4.4}% 52
\BOOKMARK [2][-]{subsection.4.4.8}{4.4.8 Secondary types - Aggregation types descriptions}{section.4.4}% 53
\BOOKMARK [2][-]{subsection.4.4.9}{4.4.9 Secondary types - Composition types descriptions}{section.4.4}% 54
\BOOKMARK [0][-]{chapter.5}{5 Operation Model}{}% 55
\BOOKMARK [1][-]{section.5.1}{5.1 Environment - Out Interface Operation Scheme for actActivator}{chapter.5}% 56
\BOOKMARK [2][-]{subsection.5.1.1}{5.1.1 Operation Model for oeSetClock}{section.5.1}% 57
